Start testing: Mar 04 23:45 UTC
----------------------------------------------------------
Unable to find executable: /app/build/libcss_parse_auto
1/103 Testing: libcss_parse_auto_atrules_dat
1/103 Test: libcss_parse_auto_atrules_dat
Command: "" "/app/contrib/libcss/test/data/parse/atrules.dat"
Directory: /app/build
"libcss_parse_auto_atrules_dat" start time:
Output:
----------------------------------------------------------
<end of output>
Test time =   0.00 sec
----------------------------------------------------------
Test Passed.
"libcss_parse_auto_atrules_dat" end time: Mar 04 23:45 UTC
"libcss_parse_auto_atrules_dat" time elapsed: 00:00:00
----------------------------------------------------------

Unable to find executable: /app/build/libcss_parse_auto
2/103 Testing: libcss_parse_auto_colours-hsl_dat
2/103 Test: libcss_parse_auto_colours-hsl_dat
Command: "" "/app/contrib/libcss/test/data/parse/colours-hsl.dat"
Directory: /app/build
"libcss_parse_auto_colours-hsl_dat" start time:
Output:
----------------------------------------------------------
<end of output>
Test time =   0.00 sec
----------------------------------------------------------
Test Passed.
"libcss_parse_auto_colours-hsl_dat" end time: Mar 04 23:45 UTC
"libcss_parse_auto_colours-hsl_dat" time elapsed: 00:00:00
----------------------------------------------------------

Unable to find executable: /app/build/libcss_parse_auto
3/103 Testing: libcss_parse_auto_colours-hwb_dat
3/103 Test: libcss_parse_auto_colours-hwb_dat
Command: "" "/app/contrib/libcss/test/data/parse/colours-hwb.dat"
Directory: /app/build
"libcss_parse_auto_colours-hwb_dat" start time:
Output:
----------------------------------------------------------
<end of output>
Test time =   0.00 sec
----------------------------------------------------------
Test Passed.
"libcss_parse_auto_colours-hwb_dat" end time: Mar 04 23:45 UTC
"libcss_parse_auto_colours-hwb_dat" time elapsed: 00:00:00
----------------------------------------------------------

Unable to find executable: /app/build/libcss_parse_auto
4/103 Testing: libcss_parse_auto_colours_dat
4/103 Test: libcss_parse_auto_colours_dat
Command: "" "/app/contrib/libcss/test/data/parse/colours.dat"
Directory: /app/build
"libcss_parse_auto_colours_dat" start time:
Output:
----------------------------------------------------------
<end of output>
Test time =   0.00 sec
----------------------------------------------------------
Test Passed.
"libcss_parse_auto_colours_dat" end time: Mar 04 23:45 UTC
"libcss_parse_auto_colours_dat" time elapsed: 00:00:00
----------------------------------------------------------

Unable to find executable: /app/build/libcss_parse_auto
5/103 Testing: libcss_parse_auto_nth_dat
5/103 Test: libcss_parse_auto_nth_dat
Command: "" "/app/contrib/libcss/test/data/parse/nth.dat"
Directory: /app/build
"libcss_parse_auto_nth_dat" start time:
Output:
----------------------------------------------------------
<end of output>
Test time =   0.00 sec
----------------------------------------------------------
Test Passed.
"libcss_parse_auto_nth_dat" end time: Mar 04 23:45 UTC
"libcss_parse_auto_nth_dat" time elapsed: 00:00:00
----------------------------------------------------------

Unable to find executable: /app/build/libcss_parse_auto
6/103 Testing: libcss_parse_auto_properties_dat
6/103 Test: libcss_parse_auto_properties_dat
Command: "" "/app/contrib/libcss/test/data/parse/properties.dat"
Directory: /app/build
"libcss_parse_auto_properties_dat" start time:
Output:
----------------------------------------------------------
<end of output>
Test time =   0.00 sec
----------------------------------------------------------
Test Passed.
"libcss_parse_auto_properties_dat" end time: Mar 04 23:45 UTC
"libcss_parse_auto_properties_dat" time elapsed: 00:00:00
----------------------------------------------------------

Unable to find executable: /app/build/libcss_parse_auto
7/103 Testing: libcss_parse_auto_selectors_dat
7/103 Test: libcss_parse_auto_selectors_dat
Command: "" "/app/contrib/libcss/test/data/parse/selectors.dat"
Directory: /app/build
"libcss_parse_auto_selectors_dat" start time:
Output:
----------------------------------------------------------
<end of output>
Test time =   0.00 sec
----------------------------------------------------------
Test Passed.
"libcss_parse_auto_selectors_dat" end time: Mar 04 23:45 UTC
"libcss_parse_auto_selectors_dat" time elapsed: 00:00:00
----------------------------------------------------------

Unable to find executable: /app/build/libcss_parse_auto
8/103 Testing: libcss_parse_auto_tests1_dat
8/103 Test: libcss_parse_auto_tests1_dat
Command: "" "/app/contrib/libcss/test/data/parse/tests1.dat"
Directory: /app/build
"libcss_parse_auto_tests1_dat" start time:
Output:
----------------------------------------------------------
<end of output>
Test time =   0.00 sec
----------------------------------------------------------
Test Passed.
"libcss_parse_auto_tests1_dat" end time: Mar 04 23:45 UTC
"libcss_parse_auto_tests1_dat" time elapsed: 00:00:00
----------------------------------------------------------

Unable to find executable: /app/build/libcss_parse2_auto
9/103 Testing: libcss_parse2_auto_au_dat
9/103 Test: libcss_parse2_auto_au_dat
Command: "" "/app/contrib/libcss/test/data/parse2/au.dat"
Directory: /app/build
"libcss_parse2_auto_au_dat" start time:
Output:
----------------------------------------------------------
<end of output>
Test time =   0.00 sec
----------------------------------------------------------
Test Passed.
"libcss_parse2_auto_au_dat" end time: Mar 04 23:45 UTC
"libcss_parse2_auto_au_dat" time elapsed: 00:00:00
----------------------------------------------------------

Unable to find executable: /app/build/libcss_parse2_auto
10/103 Testing: libcss_parse2_auto_bg_dat
10/103 Test: libcss_parse2_auto_bg_dat
Command: "" "/app/contrib/libcss/test/data/parse2/bg.dat"
Directory: /app/build
"libcss_parse2_auto_bg_dat" start time:
Output:
----------------------------------------------------------
<end of output>
Test time =   0.00 sec
----------------------------------------------------------
Test Passed.
"libcss_parse2_auto_bg_dat" end time: Mar 04 23:45 UTC
"libcss_parse2_auto_bg_dat" time elapsed: 00:00:00
----------------------------------------------------------

Unable to find executable: /app/build/libcss_parse2_auto
11/103 Testing: libcss_parse2_auto_bgpos_dat
11/103 Test: libcss_parse2_auto_bgpos_dat
Command: "" "/app/contrib/libcss/test/data/parse2/bgpos.dat"
Directory: /app/build
"libcss_parse2_auto_bgpos_dat" start time:
Output:
----------------------------------------------------------
<end of output>
Test time =   0.00 sec
----------------------------------------------------------
Test Passed.
"libcss_parse2_auto_bgpos_dat" end time: Mar 04 23:45 UTC
"libcss_parse2_auto_bgpos_dat" time elapsed: 00:00:00
----------------------------------------------------------

Unable to find executable: /app/build/libcss_parse2_auto
12/103 Testing: libcss_parse2_auto_border_dat
12/103 Test: libcss_parse2_auto_border_dat
Command: "" "/app/contrib/libcss/test/data/parse2/border.dat"
Directory: /app/build
"libcss_parse2_auto_border_dat" start time:
Output:
----------------------------------------------------------
<end of output>
Test time =   0.00 sec
----------------------------------------------------------
Test Passed.
"libcss_parse2_auto_border_dat" end time: Mar 04 23:45 UTC
"libcss_parse2_auto_border_dat" time elapsed: 00:00:00
----------------------------------------------------------

Unable to find executable: /app/build/libcss_parse2_auto
13/103 Testing: libcss_parse2_auto_calc_dat
13/103 Test: libcss_parse2_auto_calc_dat
Command: "" "/app/contrib/libcss/test/data/parse2/calc.dat"
Directory: /app/build
"libcss_parse2_auto_calc_dat" start time:
Output:
----------------------------------------------------------
<end of output>
Test time =   0.00 sec
----------------------------------------------------------
Test Passed.
"libcss_parse2_auto_calc_dat" end time: Mar 04 23:45 UTC
"libcss_parse2_auto_calc_dat" time elapsed: 00:00:00
----------------------------------------------------------

Unable to find executable: /app/build/libcss_parse2_auto
14/103 Testing: libcss_parse2_auto_comments_dat
14/103 Test: libcss_parse2_auto_comments_dat
Command: "" "/app/contrib/libcss/test/data/parse2/comments.dat"
Directory: /app/build
"libcss_parse2_auto_comments_dat" start time:
Output:
----------------------------------------------------------
<end of output>
Test time =   0.00 sec
----------------------------------------------------------
Test Passed.
"libcss_parse2_auto_comments_dat" end time: Mar 04 23:45 UTC
"libcss_parse2_auto_comments_dat" time elapsed: 00:00:00
----------------------------------------------------------

Unable to find executable: /app/build/libcss_parse2_auto
15/103 Testing: libcss_parse2_auto_dodgy-media-block_dat
15/103 Test: libcss_parse2_auto_dodgy-media-block_dat
Command: "" "/app/contrib/libcss/test/data/parse2/dodgy-media-block.dat"
Directory: /app/build
"libcss_parse2_auto_dodgy-media-block_dat" start time:
Output:
----------------------------------------------------------
<end of output>
Test time =   0.00 sec
----------------------------------------------------------
Test Passed.
"libcss_parse2_auto_dodgy-media-block_dat" end time: Mar 04 23:45 UTC
"libcss_parse2_auto_dodgy-media-block_dat" time elapsed: 00:00:00
----------------------------------------------------------

Unable to find executable: /app/build/libcss_parse2_auto
16/103 Testing: libcss_parse2_auto_eof_dat
16/103 Test: libcss_parse2_auto_eof_dat
Command: "" "/app/contrib/libcss/test/data/parse2/eof.dat"
Directory: /app/build
"libcss_parse2_auto_eof_dat" start time:
Output:
----------------------------------------------------------
<end of output>
Test time =   0.00 sec
----------------------------------------------------------
Test Passed.
"libcss_parse2_auto_eof_dat" end time: Mar 04 23:45 UTC
"libcss_parse2_auto_eof_dat" time elapsed: 00:00:00
----------------------------------------------------------

Unable to find executable: /app/build/libcss_parse2_auto
17/103 Testing: libcss_parse2_auto_flexbox_dat
17/103 Test: libcss_parse2_auto_flexbox_dat
Command: "" "/app/contrib/libcss/test/data/parse2/flexbox.dat"
Directory: /app/build
"libcss_parse2_auto_flexbox_dat" start time:
Output:
----------------------------------------------------------
<end of output>
Test time =   0.00 sec
----------------------------------------------------------
Test Passed.
"libcss_parse2_auto_flexbox_dat" end time: Mar 04 23:45 UTC
"libcss_parse2_auto_flexbox_dat" time elapsed: 00:00:00
----------------------------------------------------------

Unable to find executable: /app/build/libcss_parse2_auto
18/103 Testing: libcss_parse2_auto_font_dat
18/103 Test: libcss_parse2_auto_font_dat
Command: "" "/app/contrib/libcss/test/data/parse2/font.dat"
Directory: /app/build
"libcss_parse2_auto_font_dat" start time:
Output:
----------------------------------------------------------
<end of output>
Test time =   0.00 sec
----------------------------------------------------------
Test Passed.
"libcss_parse2_auto_font_dat" end time: Mar 04 23:45 UTC
"libcss_parse2_auto_font_dat" time elapsed: 00:00:00
----------------------------------------------------------

Unable to find executable: /app/build/libcss_parse2_auto
19/103 Testing: libcss_parse2_auto_illegal-values_dat
19/103 Test: libcss_parse2_auto_illegal-values_dat
Command: "" "/app/contrib/libcss/test/data/parse2/illegal-values.dat"
Directory: /app/build
"libcss_parse2_auto_illegal-values_dat" start time:
Output:
----------------------------------------------------------
<end of output>
Test time =   0.00 sec
----------------------------------------------------------
Test Passed.
"libcss_parse2_auto_illegal-values_dat" end time: Mar 04 23:45 UTC
"libcss_parse2_auto_illegal-values_dat" time elapsed: 00:00:00
----------------------------------------------------------

Unable to find executable: /app/build/libcss_parse2_auto
20/103 Testing: libcss_parse2_auto_inline-size_dat
20/103 Test: libcss_parse2_auto_inline-size_dat
Command: "" "/app/contrib/libcss/test/data/parse2/inline-size.dat"
Directory: /app/build
"libcss_parse2_auto_inline-size_dat" start time:
Output:
----------------------------------------------------------
<end of output>
Test time =   0.00 sec
----------------------------------------------------------
Test Passed.
"libcss_parse2_auto_inline-size_dat" end time: Mar 04 23:45 UTC
"libcss_parse2_auto_inline-size_dat" time elapsed: 00:00:00
----------------------------------------------------------

Unable to find executable: /app/build/libcss_parse2_auto
21/103 Testing: libcss_parse2_auto_list_dat
21/103 Test: libcss_parse2_auto_list_dat
Command: "" "/app/contrib/libcss/test/data/parse2/list.dat"
Directory: /app/build
"libcss_parse2_auto_list_dat" start time:
Output:
----------------------------------------------------------
<end of output>
Test time =   0.00 sec
----------------------------------------------------------
Test Passed.
"libcss_parse2_auto_list_dat" end time: Mar 04 23:45 UTC
"libcss_parse2_auto_list_dat" time elapsed: 00:00:00
----------------------------------------------------------

Unable to find executable: /app/build/libcss_parse2_auto
22/103 Testing: libcss_parse2_auto_malformed-declarations_dat
22/103 Test: libcss_parse2_auto_malformed-declarations_dat
Command: "" "/app/contrib/libcss/test/data/parse2/malformed-declarations.dat"
Directory: /app/build
"libcss_parse2_auto_malformed-declarations_dat" start time:
Output:
----------------------------------------------------------
<end of output>
Test time =   0.00 sec
----------------------------------------------------------
Test Passed.
"libcss_parse2_auto_malformed-declarations_dat" end time: Mar 04 23:45 UTC
"libcss_parse2_auto_malformed-declarations_dat" time elapsed: 00:00:00
----------------------------------------------------------

Unable to find executable: /app/build/libcss_parse2_auto
23/103 Testing: libcss_parse2_auto_margin_dat
23/103 Test: libcss_parse2_auto_margin_dat
Command: "" "/app/contrib/libcss/test/data/parse2/margin.dat"
Directory: /app/build
"libcss_parse2_auto_margin_dat" start time:
Output:
----------------------------------------------------------
<end of output>
Test time =   0.00 sec
----------------------------------------------------------
Test Passed.
"libcss_parse2_auto_margin_dat" end time: Mar 04 23:45 UTC
"libcss_parse2_auto_margin_dat" time elapsed: 00:00:00
----------------------------------------------------------

Unable to find executable: /app/build/libcss_parse2_auto
24/103 Testing: libcss_parse2_auto_mq_dat
24/103 Test: libcss_parse2_auto_mq_dat
Command: "" "/app/contrib/libcss/test/data/parse2/mq.dat"
Directory: /app/build
"libcss_parse2_auto_mq_dat" start time:
Output:
----------------------------------------------------------
<end of output>
Test time =   0.00 sec
----------------------------------------------------------
Test Passed.
"libcss_parse2_auto_mq_dat" end time: Mar 04 23:45 UTC
"libcss_parse2_auto_mq_dat" time elapsed: 00:00:00
----------------------------------------------------------

Unable to find executable: /app/build/libcss_parse2_auto
25/103 Testing: libcss_parse2_auto_multicol_dat
25/103 Test: libcss_parse2_auto_multicol_dat
Command: "" "/app/contrib/libcss/test/data/parse2/multicol.dat"
Directory: /app/build
"libcss_parse2_auto_multicol_dat" start time:
Output:
----------------------------------------------------------
<end of output>
Test time =   0.00 sec
----------------------------------------------------------
Test Passed.
"libcss_parse2_auto_multicol_dat" end time: Mar 04 23:45 UTC
"libcss_parse2_auto_multicol_dat" time elapsed: 00:00:00
----------------------------------------------------------

Unable to find executable: /app/build/libcss_parse2_auto
26/103 Testing: libcss_parse2_auto_outline_dat
26/103 Test: libcss_parse2_auto_outline_dat
Command: "" "/app/contrib/libcss/test/data/parse2/outline.dat"
Directory: /app/build
"libcss_parse2_auto_outline_dat" start time:
Output:
----------------------------------------------------------
<end of output>
Test time =   0.00 sec
----------------------------------------------------------
Test Passed.
"libcss_parse2_auto_outline_dat" end time: Mar 04 23:45 UTC
"libcss_parse2_auto_outline_dat" time elapsed: 00:00:00
----------------------------------------------------------

Unable to find executable: /app/build/libcss_parse2_auto
27/103 Testing: libcss_parse2_auto_overflow_dat
27/103 Test: libcss_parse2_auto_overflow_dat
Command: "" "/app/contrib/libcss/test/data/parse2/overflow.dat"
Directory: /app/build
"libcss_parse2_auto_overflow_dat" start time:
Output:
----------------------------------------------------------
<end of output>
Test time =   0.00 sec
----------------------------------------------------------
Test Passed.
"libcss_parse2_auto_overflow_dat" end time: Mar 04 23:45 UTC
"libcss_parse2_auto_overflow_dat" time elapsed: 00:00:00
----------------------------------------------------------

Unable to find executable: /app/build/libcss_parse2_auto
28/103 Testing: libcss_parse2_auto_padding_dat
28/103 Test: libcss_parse2_auto_padding_dat
Command: "" "/app/contrib/libcss/test/data/parse2/padding.dat"
Directory: /app/build
"libcss_parse2_auto_padding_dat" start time:
Output:
----------------------------------------------------------
<end of output>
Test time =   0.00 sec
----------------------------------------------------------
Test Passed.
"libcss_parse2_auto_padding_dat" end time: Mar 04 23:45 UTC
"libcss_parse2_auto_padding_dat" time elapsed: 00:00:00
----------------------------------------------------------

Unable to find executable: /app/build/libcss_parse2_auto
29/103 Testing: libcss_parse2_auto_selectors_dat
29/103 Test: libcss_parse2_auto_selectors_dat
Command: "" "/app/contrib/libcss/test/data/parse2/selectors.dat"
Directory: /app/build
"libcss_parse2_auto_selectors_dat" start time:
Output:
----------------------------------------------------------
<end of output>
Test time =   0.00 sec
----------------------------------------------------------
Test Passed.
"libcss_parse2_auto_selectors_dat" end time: Mar 04 23:45 UTC
"libcss_parse2_auto_selectors_dat" time elapsed: 00:00:00
----------------------------------------------------------

Unable to find executable: /app/build/libcss_parse2_auto
30/103 Testing: libcss_parse2_auto_svg_dat
30/103 Test: libcss_parse2_auto_svg_dat
Command: "" "/app/contrib/libcss/test/data/parse2/svg.dat"
Directory: /app/build
"libcss_parse2_auto_svg_dat" start time:
Output:
----------------------------------------------------------
<end of output>
Test time =   0.00 sec
----------------------------------------------------------
Test Passed.
"libcss_parse2_auto_svg_dat" end time: Mar 04 23:45 UTC
"libcss_parse2_auto_svg_dat" time elapsed: 00:00:00
----------------------------------------------------------

Unable to find executable: /app/build/libcss_parse2_auto
31/103 Testing: libcss_parse2_auto_tests1_dat
31/103 Test: libcss_parse2_auto_tests1_dat
Command: "" "/app/contrib/libcss/test/data/parse2/tests1.dat"
Directory: /app/build
"libcss_parse2_auto_tests1_dat" start time:
Output:
----------------------------------------------------------
<end of output>
Test time =   0.00 sec
----------------------------------------------------------
Test Passed.
"libcss_parse2_auto_tests1_dat" end time: Mar 04 23:45 UTC
"libcss_parse2_auto_tests1_dat" time elapsed: 00:00:00
----------------------------------------------------------

Unable to find executable: /app/build/libcss_parse2_auto
32/103 Testing: libcss_parse2_auto_units_dat
32/103 Test: libcss_parse2_auto_units_dat
Command: "" "/app/contrib/libcss/test/data/parse2/units.dat"
Directory: /app/build
"libcss_parse2_auto_units_dat" start time:
Output:
----------------------------------------------------------
<end of output>
Test time =   0.00 sec
----------------------------------------------------------
Test Passed.
"libcss_parse2_auto_units_dat" end time: Mar 04 23:45 UTC
"libcss_parse2_auto_units_dat" time elapsed: 00:00:00
----------------------------------------------------------

Unable to find executable: /app/build/libcss_parse2_auto
33/103 Testing: libcss_parse2_auto_unknown-properties_dat
33/103 Test: libcss_parse2_auto_unknown-properties_dat
Command: "" "/app/contrib/libcss/test/data/parse2/unknown-properties.dat"
Directory: /app/build
"libcss_parse2_auto_unknown-properties_dat" start time:
Output:
----------------------------------------------------------
<end of output>
Test time =   0.00 sec
----------------------------------------------------------
Test Passed.
"libcss_parse2_auto_unknown-properties_dat" end time: Mar 04 23:45 UTC
"libcss_parse2_auto_unknown-properties_dat" time elapsed: 00:00:00
----------------------------------------------------------

Unable to find executable: /app/build/libcss_select
34/103 Testing: libcss_select_calc_dat
34/103 Test: libcss_select_calc_dat
Command: "" "/app/contrib/libcss/test/data/select/calc.dat"
Directory: /app/build
"libcss_select_calc_dat" start time:
Output:
----------------------------------------------------------
<end of output>
Test time =   0.00 sec
----------------------------------------------------------
Test Passed.
"libcss_select_calc_dat" end time: Mar 04 23:45 UTC
"libcss_select_calc_dat" time elapsed: 00:00:00
----------------------------------------------------------

Unable to find executable: /app/build/libcss_select
35/103 Testing: libcss_select_defaulting_dat
35/103 Test: libcss_select_defaulting_dat
Command: "" "/app/contrib/libcss/test/data/select/defaulting.dat"
Directory: /app/build
"libcss_select_defaulting_dat" start time:
Output:
----------------------------------------------------------
<end of output>
Test time =   0.00 sec
----------------------------------------------------------
Test Passed.
"libcss_select_defaulting_dat" end time: Mar 04 23:45 UTC
"libcss_select_defaulting_dat" time elapsed: 00:00:00
----------------------------------------------------------

Unable to find executable: /app/build/libcss_select
36/103 Testing: libcss_select_grid_dat
36/103 Test: libcss_select_grid_dat
Command: "" "/app/contrib/libcss/test/data/select/grid.dat"
Directory: /app/build
"libcss_select_grid_dat" start time:
Output:
----------------------------------------------------------
<end of output>
Test time =   0.00 sec
----------------------------------------------------------
Test Passed.
"libcss_select_grid_dat" end time: Mar 04 23:45 UTC
"libcss_select_grid_dat" time elapsed: 00:00:00
----------------------------------------------------------

Unable to find executable: /app/build/libcss_select
37/103 Testing: libcss_select_grid2_dat
37/103 Test: libcss_select_grid2_dat
Command: "" "/app/contrib/libcss/test/data/select/grid2.dat"
Directory: /app/build
"libcss_select_grid2_dat" start time:
Output:
----------------------------------------------------------
<end of output>
Test time =   0.00 sec
----------------------------------------------------------
Test Passed.
"libcss_select_grid2_dat" end time: Mar 04 23:45 UTC
"libcss_select_grid2_dat" time elapsed: 00:00:00
----------------------------------------------------------

Unable to find executable: /app/build/libcss_select
38/103 Testing: libcss_select_grid_line_dat
38/103 Test: libcss_select_grid_line_dat
Command: "" "/app/contrib/libcss/test/data/select/grid_line.dat"
Directory: /app/build
"libcss_select_grid_line_dat" start time:
Output:
----------------------------------------------------------
<end of output>
Test time =   0.00 sec
----------------------------------------------------------
Test Passed.
"libcss_select_grid_line_dat" end time: Mar 04 23:45 UTC
"libcss_select_grid_line_dat" time elapsed: 00:00:00
----------------------------------------------------------

Unable to find executable: /app/build/libcss_select
39/103 Testing: libcss_select_grid_shorthand_dat
39/103 Test: libcss_select_grid_shorthand_dat
Command: "" "/app/contrib/libcss/test/data/select/grid_shorthand.dat"
Directory: /app/build
"libcss_select_grid_shorthand_dat" start time:
Output:
----------------------------------------------------------
<end of output>
Test time =   0.00 sec
----------------------------------------------------------
Test Passed.
"libcss_select_grid_shorthand_dat" end time: Mar 04 23:45 UTC
"libcss_select_grid_shorthand_dat" time elapsed: 00:00:00
----------------------------------------------------------

Unable to find executable: /app/build/libcss_select
40/103 Testing: libcss_select_test_simple_dat
40/103 Test: libcss_select_test_simple_dat
Command: "" "/app/contrib/libcss/test/data/select/test_simple.dat"
Directory: /app/build
"libcss_select_test_simple_dat" start time:
Output:
----------------------------------------------------------
<end of output>
Test time =   0.00 sec
----------------------------------------------------------
Test Passed.
"libcss_select_test_simple_dat" end time: Mar 04 23:45 UTC
"libcss_select_test_simple_dat" time elapsed: 00:00:00
----------------------------------------------------------

Unable to find executable: /app/build/libcss_select
41/103 Testing: libcss_select_tests1_dat
41/103 Test: libcss_select_tests1_dat
Command: "" "/app/contrib/libcss/test/data/select/tests1.dat"
Directory: /app/build
"libcss_select_tests1_dat" start time:
Output:
----------------------------------------------------------
<end of output>
Test time =   0.00 sec
----------------------------------------------------------
Test Passed.
"libcss_select_tests1_dat" end time: Mar 04 23:45 UTC
"libcss_select_tests1_dat" time elapsed: 00:00:00
----------------------------------------------------------

Unable to find executable: /app/build/libcss_select2
42/103 Testing: libcss_select2_calc_dat
42/103 Test: libcss_select2_calc_dat
Command: "" "/app/contrib/libcss/test/data/select2/calc.dat"
Directory: /app/build
"libcss_select2_calc_dat" start time:
Output:
----------------------------------------------------------
<end of output>
Test time =   0.00 sec
----------------------------------------------------------
Test Passed.
"libcss_select2_calc_dat" end time: Mar 04 23:45 UTC
"libcss_select2_calc_dat" time elapsed: 00:00:00
----------------------------------------------------------

Unable to find executable: /app/build/libcss_lex_auto
43/103 Testing: libcss_lex_auto_regression_dat
43/103 Test: libcss_lex_auto_regression_dat
Command: "" "/app/contrib/libcss/test/data/lex/regression.dat"
Directory: /app/build
"libcss_lex_auto_regression_dat" start time:
Output:
----------------------------------------------------------
<end of output>
Test time =   0.00 sec
----------------------------------------------------------
Test Passed.
"libcss_lex_auto_regression_dat" end time: Mar 04 23:45 UTC
"libcss_lex_auto_regression_dat" time elapsed: 00:00:00
----------------------------------------------------------

Unable to find executable: /app/build/libcss_lex_auto
44/103 Testing: libcss_lex_auto_tests1_dat
44/103 Test: libcss_lex_auto_tests1_dat
Command: "" "/app/contrib/libcss/test/data/lex/tests1.dat"
Directory: /app/build
"libcss_lex_auto_tests1_dat" start time:
Output:
----------------------------------------------------------
<end of output>
Test time =   0.00 sec
----------------------------------------------------------
Test Passed.
"libcss_lex_auto_tests1_dat" end time: Mar 04 23:45 UTC
"libcss_lex_auto_tests1_dat" time elapsed: 00:00:00
----------------------------------------------------------

Unable to find executable: /app/build/libcss_lex_auto
45/103 Testing: libcss_lex_auto_tests2_dat
45/103 Test: libcss_lex_auto_tests2_dat
Command: "" "/app/contrib/libcss/test/data/lex/tests2.dat"
Directory: /app/build
"libcss_lex_auto_tests2_dat" start time:
Output:
----------------------------------------------------------
<end of output>
Test time =   0.00 sec
----------------------------------------------------------
Test Passed.
"libcss_lex_auto_tests2_dat" end time: Mar 04 23:45 UTC
"libcss_lex_auto_tests2_dat" time elapsed: 00:00:00
----------------------------------------------------------

Unable to find executable: /app/build/libcss_csdetect
46/103 Testing: libcss_csdetect_bom-charset_dat
46/103 Test: libcss_csdetect_bom-charset_dat
Command: "" "/app/contrib/libcss/test/data/csdetect/bom-charset.dat"
Directory: /app/build
"libcss_csdetect_bom-charset_dat" start time:
Output:
----------------------------------------------------------
<end of output>
Test time =   0.00 sec
----------------------------------------------------------
Test Passed.
"libcss_csdetect_bom-charset_dat" end time: Mar 04 23:45 UTC
"libcss_csdetect_bom-charset_dat" time elapsed: 00:00:00
----------------------------------------------------------

Unable to find executable: /app/build/libcss_csdetect
47/103 Testing: libcss_csdetect_bom_dat
47/103 Test: libcss_csdetect_bom_dat
Command: "" "/app/contrib/libcss/test/data/csdetect/bom.dat"
Directory: /app/build
"libcss_csdetect_bom_dat" start time:
Output:
----------------------------------------------------------
<end of output>
Test time =   0.00 sec
----------------------------------------------------------
Test Passed.
"libcss_csdetect_bom_dat" end time: Mar 04 23:45 UTC
"libcss_csdetect_bom_dat" time elapsed: 00:00:00
----------------------------------------------------------

Unable to find executable: /app/build/libcss_number
48/103 Testing: libcss_number_number_dat
48/103 Test: libcss_number_number_dat
Command: "" "/app/contrib/libcss/test/data/number/number.dat"
Directory: /app/build
"libcss_number_number_dat" start time:
Output:
----------------------------------------------------------
<end of output>
Test time =   0.00 sec
----------------------------------------------------------
Test Passed.
"libcss_number_number_dat" end time: Mar 04 23:45 UTC
"libcss_number_number_dat" time elapsed: 00:00:00
----------------------------------------------------------

Unable to find executable: /app/build/libcss_css21
49/103 Testing: libcss_css21_allzengarden
49/103 Test: libcss_css21_allzengarden
Command: "" "/app/contrib/libcss/test/data/css/allzengarden.css"
Directory: /app/build
"libcss_css21_allzengarden" start time:
Output:
----------------------------------------------------------
<end of output>
Test time =   0.00 sec
----------------------------------------------------------
Test Passed.
"libcss_css21_allzengarden" end time: Mar 04 23:45 UTC
"libcss_css21_allzengarden" time elapsed: 00:00:00
----------------------------------------------------------

Unable to find executable: /app/build/libcss_css21
50/103 Testing: libcss_css21_badcomment
50/103 Test: libcss_css21_badcomment
Command: "" "/app/contrib/libcss/test/data/css/badcomment.css"
Directory: /app/build
"libcss_css21_badcomment" start time:
Output:
----------------------------------------------------------
<end of output>
Test time =   0.00 sec
----------------------------------------------------------
Test Passed.
"libcss_css21_badcomment" end time: Mar 04 23:45 UTC
"libcss_css21_badcomment" time elapsed: 00:00:00
----------------------------------------------------------

Unable to find executable: /app/build/libcss_css21
51/103 Testing: libcss_css21_blocks
51/103 Test: libcss_css21_blocks
Command: "" "/app/contrib/libcss/test/data/css/blocks.css"
Directory: /app/build
"libcss_css21_blocks" start time:
Output:
----------------------------------------------------------
<end of output>
Test time =   0.00 sec
----------------------------------------------------------
Test Passed.
"libcss_css21_blocks" end time: Mar 04 23:45 UTC
"libcss_css21_blocks" time elapsed: 00:00:00
----------------------------------------------------------

Unable to find executable: /app/build/libcss_css21
52/103 Testing: libcss_css21_color
52/103 Test: libcss_css21_color
Command: "" "/app/contrib/libcss/test/data/css/color.css"
Directory: /app/build
"libcss_css21_color" start time:
Output:
----------------------------------------------------------
<end of output>
Test time =   0.00 sec
----------------------------------------------------------
Test Passed.
"libcss_css21_color" end time: Mar 04 23:45 UTC
"libcss_css21_color" time elapsed: 00:00:00
----------------------------------------------------------

Unable to find executable: /app/build/libcss_css21
53/103 Testing: libcss_css21_fontface
53/103 Test: libcss_css21_fontface
Command: "" "/app/contrib/libcss/test/data/css/fontface.css"
Directory: /app/build
"libcss_css21_fontface" start time:
Output:
----------------------------------------------------------
<end of output>
Test time =   0.00 sec
----------------------------------------------------------
Test Passed.
"libcss_css21_fontface" end time: Mar 04 23:45 UTC
"libcss_css21_fontface" time elapsed: 00:00:00
----------------------------------------------------------

Unable to find executable: /app/build/libcss_css21
54/103 Testing: libcss_css21_malformed
54/103 Test: libcss_css21_malformed
Command: "" "/app/contrib/libcss/test/data/css/malformed.css"
Directory: /app/build
"libcss_css21_malformed" start time:
Output:
----------------------------------------------------------
<end of output>
Test time =   0.00 sec
----------------------------------------------------------
Test Passed.
"libcss_css21_malformed" end time: Mar 04 23:45 UTC
"libcss_css21_malformed" time elapsed: 00:00:00
----------------------------------------------------------

Unable to find executable: /app/build/libcss_css21
55/103 Testing: libcss_css21_simple
55/103 Test: libcss_css21_simple
Command: "" "/app/contrib/libcss/test/data/css/simple.css"
Directory: /app/build
"libcss_css21_simple" start time:
Output:
----------------------------------------------------------
<end of output>
Test time =   0.00 sec
----------------------------------------------------------
Test Passed.
"libcss_css21_simple" end time: Mar 04 23:45 UTC
"libcss_css21_simple" time elapsed: 00:00:00
----------------------------------------------------------

56/103 Testing: svgtiny_svg2mvg_arc-compact-flags
56/103 Test: svgtiny_svg2mvg_arc-compact-flags
Command: "/usr/bin/cmake" "-P" "/app/build/contrib/libsvgtiny/test/arc-compact-flags.cmake"
Directory: /app/build/contrib/libsvgtiny
"svgtiny_svg2mvg_arc-compact-flags" start time: Mar 04 23:45 UTC
Output:
----------------------------------------------------------
CMake Error at test/arc-compact-flags.cmake:4 (message):
  svgtiny_test_svg2mvg failed: arc-compact-flags


<end of output>
Test time =   0.02 sec
----------------------------------------------------------
Test Failed.
"svgtiny_svg2mvg_arc-compact-flags" end time: Mar 04 23:45 UTC
"svgtiny_svg2mvg_arc-compact-flags" time elapsed: 00:00:00
----------------------------------------------------------

57/103 Testing: svgtiny_svg2mvg_arcs01
57/103 Test: svgtiny_svg2mvg_arcs01
Command: "/usr/bin/cmake" "-P" "/app/build/contrib/libsvgtiny/test/arcs01.cmake"
Directory: /app/build/contrib/libsvgtiny
"svgtiny_svg2mvg_arcs01" start time: Mar 04 23:45 UTC
Output:
----------------------------------------------------------
CMake Error at test/arcs01.cmake:4 (message):
  svgtiny_test_svg2mvg failed: arcs01


<end of output>
Test time =   0.02 sec
----------------------------------------------------------
Test Failed.
"svgtiny_svg2mvg_arcs01" end time: Mar 04 23:45 UTC
"svgtiny_svg2mvg_arcs01" time elapsed: 00:00:00
----------------------------------------------------------

58/103 Testing: svgtiny_svg2mvg_arcs02
58/103 Test: svgtiny_svg2mvg_arcs02
Command: "/usr/bin/cmake" "-P" "/app/build/contrib/libsvgtiny/test/arcs02.cmake"
Directory: /app/build/contrib/libsvgtiny
"svgtiny_svg2mvg_arcs02" start time: Mar 04 23:45 UTC
Output:
----------------------------------------------------------
CMake Error at test/arcs02.cmake:4 (message):
  svgtiny_test_svg2mvg failed: arcs02


<end of output>
Test time =   0.02 sec
----------------------------------------------------------
Test Failed.
"svgtiny_svg2mvg_arcs02" end time: Mar 04 23:45 UTC
"svgtiny_svg2mvg_arcs02" time elapsed: 00:00:00
----------------------------------------------------------

59/103 Testing: svgtiny_svg2mvg_bad-grad
59/103 Test: svgtiny_svg2mvg_bad-grad
Command: "/usr/bin/cmake" "-P" "/app/build/contrib/libsvgtiny/test/bad-grad.cmake"
Directory: /app/build/contrib/libsvgtiny
"svgtiny_svg2mvg_bad-grad" start time: Mar 04 23:45 UTC
Output:
----------------------------------------------------------
CMake Error at test/bad-grad.cmake:4 (message):
  svgtiny_test_svg2mvg failed: bad-grad


<end of output>
Test time =   0.02 sec
----------------------------------------------------------
Test Failed.
"svgtiny_svg2mvg_bad-grad" end time: Mar 04 23:45 UTC
"svgtiny_svg2mvg_bad-grad" time elapsed: 00:00:00
----------------------------------------------------------

60/103 Testing: svgtiny_svg2mvg_colors
60/103 Test: svgtiny_svg2mvg_colors
Command: "/usr/bin/cmake" "-P" "/app/build/contrib/libsvgtiny/test/colors.cmake"
Directory: /app/build/contrib/libsvgtiny
"svgtiny_svg2mvg_colors" start time: Mar 04 23:45 UTC
Output:
----------------------------------------------------------
CMake Error at test/colors.cmake:4 (message):
  svgtiny_test_svg2mvg failed: colors


<end of output>
Test time =   0.02 sec
----------------------------------------------------------
Test Failed.
"svgtiny_svg2mvg_colors" end time: Mar 04 23:45 UTC
"svgtiny_svg2mvg_colors" time elapsed: 00:00:00
----------------------------------------------------------

61/103 Testing: svgtiny_svg2mvg_cubic01
61/103 Test: svgtiny_svg2mvg_cubic01
Command: "/usr/bin/cmake" "-P" "/app/build/contrib/libsvgtiny/test/cubic01.cmake"
Directory: /app/build/contrib/libsvgtiny
"svgtiny_svg2mvg_cubic01" start time: Mar 04 23:45 UTC
Output:
----------------------------------------------------------
CMake Error at test/cubic01.cmake:4 (message):
  svgtiny_test_svg2mvg failed: cubic01


<end of output>
Test time =   0.02 sec
----------------------------------------------------------
Test Failed.
"svgtiny_svg2mvg_cubic01" end time: Mar 04 23:45 UTC
"svgtiny_svg2mvg_cubic01" time elapsed: 00:00:00
----------------------------------------------------------

62/103 Testing: svgtiny_svg2mvg_fill-opacity
62/103 Test: svgtiny_svg2mvg_fill-opacity
Command: "/usr/bin/cmake" "-P" "/app/build/contrib/libsvgtiny/test/fill-opacity.cmake"
Directory: /app/build/contrib/libsvgtiny
"svgtiny_svg2mvg_fill-opacity" start time: Mar 04 23:45 UTC
Output:
----------------------------------------------------------
CMake Error at test/fill-opacity.cmake:4 (message):
  svgtiny_test_svg2mvg failed: fill-opacity


<end of output>
Test time =   0.02 sec
----------------------------------------------------------
Test Failed.
"svgtiny_svg2mvg_fill-opacity" end time: Mar 04 23:45 UTC
"svgtiny_svg2mvg_fill-opacity" time elapsed: 00:00:00
----------------------------------------------------------

63/103 Testing: svgtiny_svg2mvg_fill-rule-evenodd
63/103 Test: svgtiny_svg2mvg_fill-rule-evenodd
Command: "/usr/bin/cmake" "-P" "/app/build/contrib/libsvgtiny/test/fill-rule-evenodd.cmake"
Directory: /app/build/contrib/libsvgtiny
"svgtiny_svg2mvg_fill-rule-evenodd" start time: Mar 04 23:45 UTC
Output:
----------------------------------------------------------
CMake Error at test/fill-rule-evenodd.cmake:4 (message):
  svgtiny_test_svg2mvg failed: fill-rule-evenodd


<end of output>
Test time =   0.02 sec
----------------------------------------------------------
Test Failed.
"svgtiny_svg2mvg_fill-rule-evenodd" end time: Mar 04 23:45 UTC
"svgtiny_svg2mvg_fill-rule-evenodd" time elapsed: 00:00:00
----------------------------------------------------------

64/103 Testing: svgtiny_svg2mvg_gradient
64/103 Test: svgtiny_svg2mvg_gradient
Command: "/usr/bin/cmake" "-P" "/app/build/contrib/libsvgtiny/test/gradient.cmake"
Directory: /app/build/contrib/libsvgtiny
"svgtiny_svg2mvg_gradient" start time: Mar 04 23:45 UTC
Output:
----------------------------------------------------------
CMake Error at test/gradient.cmake:4 (message):
  svgtiny_test_svg2mvg failed: gradient


<end of output>
Test time =   0.02 sec
----------------------------------------------------------
Test Failed.
"svgtiny_svg2mvg_gradient" end time: Mar 04 23:45 UTC
"svgtiny_svg2mvg_gradient" time elapsed: 00:00:00
----------------------------------------------------------

65/103 Testing: svgtiny_svg2mvg_hline-quad
65/103 Test: svgtiny_svg2mvg_hline-quad
Command: "/usr/bin/cmake" "-P" "/app/build/contrib/libsvgtiny/test/hline-quad.cmake"
Directory: /app/build/contrib/libsvgtiny
"svgtiny_svg2mvg_hline-quad" start time: Mar 04 23:45 UTC
Output:
----------------------------------------------------------
CMake Error at test/hline-quad.cmake:4 (message):
  svgtiny_test_svg2mvg failed: hline-quad


<end of output>
Test time =   0.02 sec
----------------------------------------------------------
Test Failed.
"svgtiny_svg2mvg_hline-quad" end time: Mar 04 23:45 UTC
"svgtiny_svg2mvg_hline-quad" time elapsed: 00:00:00
----------------------------------------------------------

66/103 Testing: svgtiny_svg2mvg_hotnews_header
66/103 Test: svgtiny_svg2mvg_hotnews_header
Command: "/usr/bin/cmake" "-P" "/app/build/contrib/libsvgtiny/test/hotnews_header.cmake"
Directory: /app/build/contrib/libsvgtiny
"svgtiny_svg2mvg_hotnews_header" start time: Mar 04 23:45 UTC
Output:
----------------------------------------------------------
CMake Error at test/hotnews_header.cmake:4 (message):
  svgtiny_test_svg2mvg failed: hotnews_header


<end of output>
Test time =   0.02 sec
----------------------------------------------------------
Test Failed.
"svgtiny_svg2mvg_hotnews_header" end time: Mar 04 23:45 UTC
"svgtiny_svg2mvg_hotnews_header" time elapsed: 00:00:00
----------------------------------------------------------

67/103 Testing: svgtiny_svg2mvg_polyline
67/103 Test: svgtiny_svg2mvg_polyline
Command: "/usr/bin/cmake" "-P" "/app/build/contrib/libsvgtiny/test/polyline.cmake"
Directory: /app/build/contrib/libsvgtiny
"svgtiny_svg2mvg_polyline" start time: Mar 04 23:45 UTC
Output:
----------------------------------------------------------
CMake Error at test/polyline.cmake:4 (message):
  svgtiny_test_svg2mvg failed: polyline


<end of output>
Test time =   0.02 sec
----------------------------------------------------------
Test Failed.
"svgtiny_svg2mvg_polyline" end time: Mar 04 23:45 UTC
"svgtiny_svg2mvg_polyline" time elapsed: 00:00:00
----------------------------------------------------------

68/103 Testing: svgtiny_svg2mvg_polypoints
68/103 Test: svgtiny_svg2mvg_polypoints
Command: "/usr/bin/cmake" "-P" "/app/build/contrib/libsvgtiny/test/polypoints.cmake"
Directory: /app/build/contrib/libsvgtiny
"svgtiny_svg2mvg_polypoints" start time: Mar 04 23:45 UTC
Output:
----------------------------------------------------------
CMake Error at test/polypoints.cmake:4 (message):
  svgtiny_test_svg2mvg failed: polypoints


<end of output>
Test time =   0.02 sec
----------------------------------------------------------
Test Failed.
"svgtiny_svg2mvg_polypoints" end time: Mar 04 23:45 UTC
"svgtiny_svg2mvg_polypoints" time elapsed: 00:00:00
----------------------------------------------------------

69/103 Testing: svgtiny_svg2mvg_quad01
69/103 Test: svgtiny_svg2mvg_quad01
Command: "/usr/bin/cmake" "-P" "/app/build/contrib/libsvgtiny/test/quad01.cmake"
Directory: /app/build/contrib/libsvgtiny
"svgtiny_svg2mvg_quad01" start time: Mar 04 23:45 UTC
Output:
----------------------------------------------------------
CMake Error at test/quad01.cmake:4 (message):
  svgtiny_test_svg2mvg failed: quad01


<end of output>
Test time =   0.02 sec
----------------------------------------------------------
Test Failed.
"svgtiny_svg2mvg_quad01" end time: Mar 04 23:45 UTC
"svgtiny_svg2mvg_quad01" time elapsed: 00:00:00
----------------------------------------------------------

70/103 Testing: svgtiny_svg2mvg_rel-quad-smooth
70/103 Test: svgtiny_svg2mvg_rel-quad-smooth
Command: "/usr/bin/cmake" "-P" "/app/build/contrib/libsvgtiny/test/rel-quad-smooth.cmake"
Directory: /app/build/contrib/libsvgtiny
"svgtiny_svg2mvg_rel-quad-smooth" start time: Mar 04 23:45 UTC
Output:
----------------------------------------------------------
CMake Error at test/rel-quad-smooth.cmake:4 (message):
  svgtiny_test_svg2mvg failed: rel-quad-smooth


<end of output>
Test time =   0.02 sec
----------------------------------------------------------
Test Failed.
"svgtiny_svg2mvg_rel-quad-smooth" end time: Mar 04 23:45 UTC
"svgtiny_svg2mvg_rel-quad-smooth" time elapsed: 00:00:00
----------------------------------------------------------

71/103 Testing: svgtiny_svg2mvg_scurveto-chain
71/103 Test: svgtiny_svg2mvg_scurveto-chain
Command: "/usr/bin/cmake" "-P" "/app/build/contrib/libsvgtiny/test/scurveto-chain.cmake"
Directory: /app/build/contrib/libsvgtiny
"svgtiny_svg2mvg_scurveto-chain" start time: Mar 04 23:45 UTC
Output:
----------------------------------------------------------
CMake Error at test/scurveto-chain.cmake:4 (message):
  svgtiny_test_svg2mvg failed: scurveto-chain


<end of output>
Test time =   0.02 sec
----------------------------------------------------------
Test Failed.
"svgtiny_svg2mvg_scurveto-chain" end time: Mar 04 23:45 UTC
"svgtiny_svg2mvg_scurveto-chain" time elapsed: 00:00:00
----------------------------------------------------------

72/103 Testing: svgtiny_svg2mvg_stroke-opacity
72/103 Test: svgtiny_svg2mvg_stroke-opacity
Command: "/usr/bin/cmake" "-P" "/app/build/contrib/libsvgtiny/test/stroke-opacity.cmake"
Directory: /app/build/contrib/libsvgtiny
"svgtiny_svg2mvg_stroke-opacity" start time: Mar 04 23:45 UTC
Output:
----------------------------------------------------------
CMake Error at test/stroke-opacity.cmake:4 (message):
  svgtiny_test_svg2mvg failed: stroke-opacity


<end of output>
Test time =   0.02 sec
----------------------------------------------------------
Test Failed.
"svgtiny_svg2mvg_stroke-opacity" end time: Mar 04 23:45 UTC
"svgtiny_svg2mvg_stroke-opacity" time elapsed: 00:00:00
----------------------------------------------------------

73/103 Testing: svgtiny_svg2mvg_stroke-style
73/103 Test: svgtiny_svg2mvg_stroke-style
Command: "/usr/bin/cmake" "-P" "/app/build/contrib/libsvgtiny/test/stroke-style.cmake"
Directory: /app/build/contrib/libsvgtiny
"svgtiny_svg2mvg_stroke-style" start time: Mar 04 23:45 UTC
Output:
----------------------------------------------------------
CMake Error at test/stroke-style.cmake:4 (message):
  svgtiny_test_svg2mvg failed: stroke-style


<end of output>
Test time =   0.02 sec
----------------------------------------------------------
Test Failed.
"svgtiny_svg2mvg_stroke-style" end time: Mar 04 23:45 UTC
"svgtiny_svg2mvg_stroke-style" time elapsed: 00:00:00
----------------------------------------------------------

74/103 Testing: svgtiny_svg2mvg_transform
74/103 Test: svgtiny_svg2mvg_transform
Command: "/usr/bin/cmake" "-P" "/app/build/contrib/libsvgtiny/test/transform.cmake"
Directory: /app/build/contrib/libsvgtiny
"svgtiny_svg2mvg_transform" start time: Mar 04 23:45 UTC
Output:
----------------------------------------------------------
CMake Error at test/transform.cmake:4 (message):
  svgtiny_test_svg2mvg failed: transform


<end of output>
Test time =   0.02 sec
----------------------------------------------------------
Test Failed.
"svgtiny_svg2mvg_transform" end time: Mar 04 23:45 UTC
"svgtiny_svg2mvg_transform" time elapsed: 00:00:00
----------------------------------------------------------

75/103 Testing: svgtiny_svg2mvg_use
75/103 Test: svgtiny_svg2mvg_use
Command: "/usr/bin/cmake" "-P" "/app/build/contrib/libsvgtiny/test/use.cmake"
Directory: /app/build/contrib/libsvgtiny
"svgtiny_svg2mvg_use" start time: Mar 04 23:45 UTC
Output:
----------------------------------------------------------
CMake Error at test/use.cmake:4 (message):
  svgtiny_test_svg2mvg failed: use


<end of output>
Test time =   0.02 sec
----------------------------------------------------------
Test Failed.
"svgtiny_svg2mvg_use" end time: Mar 04 23:45 UTC
"svgtiny_svg2mvg_use" time elapsed: 00:00:00
----------------------------------------------------------

76/103 Testing: svgtiny_svg2mvg_wikipedia-wordmark-en
76/103 Test: svgtiny_svg2mvg_wikipedia-wordmark-en
Command: "/usr/bin/cmake" "-P" "/app/build/contrib/libsvgtiny/test/wikipedia-wordmark-en.cmake"
Directory: /app/build/contrib/libsvgtiny
"svgtiny_svg2mvg_wikipedia-wordmark-en" start time: Mar 04 23:45 UTC
Output:
----------------------------------------------------------
CMake Error at test/wikipedia-wordmark-en.cmake:4 (message):
  svgtiny_test_svg2mvg failed: wikipedia-wordmark-en


<end of output>
Test time =   0.02 sec
----------------------------------------------------------
Test Failed.
"svgtiny_svg2mvg_wikipedia-wordmark-en" end time: Mar 04 23:45 UTC
"svgtiny_svg2mvg_wikipedia-wordmark-en" time elapsed: 00:00:00
----------------------------------------------------------

Unable to find executable: /app/build/src/test/nsurl
77/103 Testing: nsurl
77/103 Test: nsurl
Command: ""
Directory: /app/src
"nsurl" start time:
Output:
----------------------------------------------------------
<end of output>
Test time =   0.00 sec
----------------------------------------------------------
Test Passed.
"nsurl" end time: Mar 04 23:45 UTC
"nsurl" time elapsed: 00:00:00
----------------------------------------------------------

Unable to find executable: /app/build/src/test/urldbtest
78/103 Testing: urldbtest
78/103 Test: urldbtest
Command: ""
Directory: /app/src
"urldbtest" start time:
Output:
----------------------------------------------------------
<end of output>
Test time =   0.00 sec
----------------------------------------------------------
Test Passed.
"urldbtest" end time: Mar 04 23:45 UTC
"urldbtest" time elapsed: 00:00:00
----------------------------------------------------------

Unable to find executable: /app/build/src/test/urlescape
79/103 Testing: urlescape
79/103 Test: urlescape
Command: ""
Directory: /app/src
"urlescape" start time:
Output:
----------------------------------------------------------
<end of output>
Test time =   0.00 sec
----------------------------------------------------------
Test Passed.
"urlescape" end time: Mar 04 23:45 UTC
"urlescape" time elapsed: 00:00:00
----------------------------------------------------------

Unable to find executable: /app/build/src/test/messages
80/103 Testing: messages
80/103 Test: messages
Command: ""
Directory: /app/src
"messages" start time:
Output:
----------------------------------------------------------
<end of output>
Test time =   0.00 sec
----------------------------------------------------------
Test Passed.
"messages" end time: Mar 04 23:45 UTC
"messages" time elapsed: 00:00:00
----------------------------------------------------------

Unable to find executable: /app/build/src/test/nsoption
81/103 Testing: nsoption
81/103 Test: nsoption
Command: ""
Directory: /app/src
"nsoption" start time:
Output:
----------------------------------------------------------
<end of output>
Test time =   0.00 sec
----------------------------------------------------------
Test Passed.
"nsoption" end time: Mar 04 23:45 UTC
"nsoption" time elapsed: 00:00:00
----------------------------------------------------------

Unable to find executable: /app/build/src/test/bloom
82/103 Testing: bloom
82/103 Test: bloom
Command: ""
Directory: /app/src
"bloom" start time:
Output:
----------------------------------------------------------
<end of output>
Test time =   0.00 sec
----------------------------------------------------------
Test Passed.
"bloom" end time: Mar 04 23:45 UTC
"bloom" time elapsed: 00:00:00
----------------------------------------------------------

Unable to find executable: /app/build/src/test/hashtable
83/103 Testing: hashtable
83/103 Test: hashtable
Command: ""
Directory: /app/src
"hashtable" start time:
Output:
----------------------------------------------------------
<end of output>
Test time =   0.00 sec
----------------------------------------------------------
Test Passed.
"hashtable" end time: Mar 04 23:45 UTC
"hashtable" time elapsed: 00:00:00
----------------------------------------------------------

Unable to find executable: /app/build/src/test/utils
84/103 Testing: utils
84/103 Test: utils
Command: ""
Directory: /app/src
"utils" start time:
Output:
----------------------------------------------------------
<end of output>
Test time =   0.00 sec
----------------------------------------------------------
Test Passed.
"utils" end time: Mar 04 23:45 UTC
"utils" time elapsed: 00:00:00
----------------------------------------------------------

Unable to find executable: /app/build/src/test/time
85/103 Testing: time
85/103 Test: time
Command: ""
Directory: /app/src
"time" start time:
Output:
----------------------------------------------------------
<end of output>
Test time =   0.00 sec
----------------------------------------------------------
Test Passed.
"time" end time: Mar 04 23:45 UTC
"time" time elapsed: 00:00:00
----------------------------------------------------------

Unable to find executable: /app/build/src/test/mimesniff
86/103 Testing: mimesniff
86/103 Test: mimesniff
Command: ""
Directory: /app/src
"mimesniff" start time:
Output:
----------------------------------------------------------
<end of output>
Test time =   0.00 sec
----------------------------------------------------------
Test Passed.
"mimesniff" end time: Mar 04 23:45 UTC
"mimesniff" time elapsed: 00:00:00
----------------------------------------------------------

Unable to find executable: /app/build/src/test/html_redraw_borders_test
87/103 Testing: html_redraw_borders_test
87/103 Test: html_redraw_borders_test
Command: ""
Directory: /app/src
"html_redraw_borders_test" start time:
Output:
----------------------------------------------------------
<end of output>
Test time =   0.00 sec
----------------------------------------------------------
Test Passed.
"html_redraw_borders_test" end time: Mar 04 23:45 UTC
"html_redraw_borders_test" time elapsed: 00:00:00
----------------------------------------------------------

Unable to find executable: /app/build/src/test/layout_flex_test
88/103 Testing: layout_flex_test
88/103 Test: layout_flex_test
Command: ""
Directory: /app/src
"layout_flex_test" start time:
Output:
----------------------------------------------------------
<end of output>
Test time =   0.00 sec
----------------------------------------------------------
Test Passed.
"layout_flex_test" end time: Mar 04 23:45 UTC
"layout_flex_test" time elapsed: 00:00:00
----------------------------------------------------------

Unable to find executable: /app/build/src/test/svg_redraw_test
89/103 Testing: svg_redraw_test
89/103 Test: svg_redraw_test
Command: ""
Directory: /app/src
"svg_redraw_test" start time:
Output:
----------------------------------------------------------
<end of output>
Test time =   0.00 sec
----------------------------------------------------------
Test Passed.
"svg_redraw_test" end time: Mar 04 23:45 UTC
"svg_redraw_test" time elapsed: 00:00:00
----------------------------------------------------------

Unable to find executable: /app/build/src/test/svg_redraw_extlink_test
90/103 Testing: svg_redraw_extlink_test
90/103 Test: svg_redraw_extlink_test
Command: ""
Directory: /app/src
"svg_redraw_extlink_test" start time:
Output:
----------------------------------------------------------
<end of output>
Test time =   0.00 sec
----------------------------------------------------------
Test Passed.
"svg_redraw_extlink_test" end time: Mar 04 23:45 UTC
"svg_redraw_extlink_test" time elapsed: 00:00:00
----------------------------------------------------------

Unable to find executable: /app/build/src/test/svg_redraw_comboflush_test
91/103 Testing: svg_redraw_comboflush_test
91/103 Test: svg_redraw_comboflush_test
Command: ""
Directory: /app/src
"svg_redraw_comboflush_test" start time:
Output:
----------------------------------------------------------
<end of output>
Test time =   0.00 sec
----------------------------------------------------------
Test Passed.
"svg_redraw_comboflush_test" end time: Mar 04 23:45 UTC
"svg_redraw_comboflush_test" time elapsed: 00:00:00
----------------------------------------------------------

Unable to find executable: /app/build/src/test/svg_dash_rects_test
92/103 Testing: svg_dash_rects_test
92/103 Test: svg_dash_rects_test
Command: ""
Directory: /app/src
"svg_dash_rects_test" start time:
Output:
----------------------------------------------------------
<end of output>
Test time =   0.00 sec
----------------------------------------------------------
Test Passed.
"svg_dash_rects_test" end time: Mar 04 23:45 UTC
"svg_dash_rects_test" time elapsed: 00:00:00
----------------------------------------------------------

Unable to find executable: /app/build/src/test/stacking_test
93/103 Testing: stacking_test
93/103 Test: stacking_test
Command: ""
Directory: /app/src
"stacking_test" start time:
Output:
----------------------------------------------------------
<end of output>
Test time =   0.00 sec
----------------------------------------------------------
Test Passed.
"stacking_test" end time: Mar 04 23:45 UTC
"stacking_test" time elapsed: 00:00:00
----------------------------------------------------------

Unable to find executable: /app/build/src/test/box_construct_race_test
94/103 Testing: box_construct_race_test
94/103 Test: box_construct_race_test
Command: ""
Directory: /app/src
"box_construct_race_test" start time:
Output:
----------------------------------------------------------
<end of output>
Test time =   0.00 sec
----------------------------------------------------------
Test Passed.
"box_construct_race_test" end time: Mar 04 23:45 UTC
"box_construct_race_test" time elapsed: 00:00:00
----------------------------------------------------------

Unable to find executable: /app/build/src/test/grid_layout_test
95/103 Testing: grid_layout_test
95/103 Test: grid_layout_test
Command: ""
Directory: /app/src
"grid_layout_test" start time:
Output:
----------------------------------------------------------
<end of output>
Test time =   0.00 sec
----------------------------------------------------------
Test Passed.
"grid_layout_test" end time: Mar 04 23:45 UTC
"grid_layout_test" time elapsed: 00:00:00
----------------------------------------------------------

Unable to find executable: /app/build/src/test/layout_inline_grid_test
96/103 Testing: layout_inline_grid_test
96/103 Test: layout_inline_grid_test
Command: ""
Directory: /app/src
"layout_inline_grid_test" start time:
Output:
----------------------------------------------------------
<end of output>
Test time =   0.00 sec
----------------------------------------------------------
Test Passed.
"layout_inline_grid_test" end time: Mar 04 23:45 UTC
"layout_inline_grid_test" time elapsed: 00:00:00
----------------------------------------------------------

Unable to find executable: /app/build/src/test/grid_construct_test
97/103 Testing: grid_construct_test
97/103 Test: grid_construct_test
Command: ""
Directory: /app/src
"grid_construct_test" start time:
Output:
----------------------------------------------------------
<end of output>
Test time =   0.00 sec
----------------------------------------------------------
Test Passed.
"grid_construct_test" end time: Mar 04 23:45 UTC
"grid_construct_test" time elapsed: 00:00:00
----------------------------------------------------------

Unable to find executable: /app/build/src/test/transform_clip_test
98/103 Testing: transform_clip_test
98/103 Test: transform_clip_test
Command: ""
Directory: /app/src
"transform_clip_test" start time:
Output:
----------------------------------------------------------
<end of output>
Test time =   0.00 sec
----------------------------------------------------------
Test Passed.
"transform_clip_test" end time: Mar 04 23:45 UTC
"transform_clip_test" time elapsed: 00:00:00
----------------------------------------------------------

Unable to find executable: /app/build/src/test/test_quickjs
99/103 Testing: test_quickjs
99/103 Test: test_quickjs
Command: ""
Directory: /app/src
"test_quickjs" start time:
Output:
----------------------------------------------------------
<end of output>
Test time =   0.00 sec
----------------------------------------------------------
Test Passed.
"test_quickjs" end time: Mar 04 23:45 UTC
"test_quickjs" time elapsed: 00:00:00
----------------------------------------------------------

Unable to find executable: /app/build/src/test/font_face_test
100/103 Testing: font_face_test
100/103 Test: font_face_test
Command: ""
Directory: /app/build/src/test
"font_face_test" start time:
Output:
----------------------------------------------------------
<end of output>
Test time =   0.00 sec
----------------------------------------------------------
Test Passed.
"font_face_test" end time: Mar 04 23:45 UTC
"font_face_test" time elapsed: 00:00:00
----------------------------------------------------------

Unable to find executable: /app/build/src/test/layout_margin_collapse_test
101/103 Testing: layout_margin_collapse_test
101/103 Test: layout_margin_collapse_test
Command: ""
Directory: /app/build/src/test
"layout_margin_collapse_test" start time:
Output:
----------------------------------------------------------
<end of output>
Test time =   0.00 sec
----------------------------------------------------------
Test Passed.
"layout_margin_collapse_test" end time: Mar 04 23:45 UTC
"layout_margin_collapse_test" time elapsed: 00:00:00
----------------------------------------------------------

Unable to find executable: /app/build/src/test/hashmap
102/103 Testing: hashmap
102/103 Test: hashmap
Command: ""
Directory: /app/src
"hashmap" start time:
Output:
----------------------------------------------------------
<end of output>
Test time =   0.00 sec
----------------------------------------------------------
Test Passed.
"hashmap" end time: Mar 04 23:45 UTC
"hashmap" time elapsed: 00:00:00
----------------------------------------------------------

Unable to find executable: /app/build/src/test/corestrings
103/103 Testing: corestrings
103/103 Test: corestrings
Command: ""
Directory: /app/src
"corestrings" start time:
Output:
----------------------------------------------------------
<end of output>
Test time =   0.00 sec
----------------------------------------------------------
Test Passed.
"corestrings" end time: Mar 04 23:45 UTC
"corestrings" time elapsed: 00:00:00
----------------------------------------------------------

End testing: Mar 04 23:45 UTC
